<?xml version="1.0" encoding="UTF-8"?>
<!-- Generated by org.testng.reporters.JUnitXMLReporter -->
<testsuite hostname="DESKTOP-37VS7P5" name="Demo basics" tests="10" failures="1" timestamp="24 Apr 2021 15:08:59 GMT" time="0.051" errors="0">
  <testcase name="WebloginCarLoan" time="0.006" classname="testcase.testcases3"/>
  <testcase name="LoginforWeb" time="0.001" classname="testcase.testcases3"/>
  <testcase name="MobileLoginCarloan" time="0.0" classname="testcase.testcases3"/>
  <testcase name="MobilesignoutcarLoan" time="0.005" classname="testcase.testcases3"/>
  <testcase name="MobilesignoutcarLoan" time="0.0" classname="testcase.testcases3"/>
  <testcase name="MobilesignoutcarLoan" time="0.0" classname="testcase.testcases3"/>
  <testcase name="logformozilla" time="0.005" classname="testcase.testcases3"/>
  <testcase name="windowlogincarloan" time="0.0" classname="testcase.testcases3"/>
  <testcase name="voitre" time="0.0" classname="testcase.basics">
    <failure type="java.lang.AssertionError" message="expected [true] but found [false]">
      <![CDATA[java.lang.AssertionError: expected [true] but found [false]
	at testcase.basics.voitre(basics.java:12)
... Removed 28 stack frames]]>
    </failure>
  </testcase> <!-- voitre -->
  <testcase name="voituretest" time="0.0" classname="testcase.basics"/>
</testsuite> <!-- Demo basics -->
